Unable to capture context for thread 9200 in process 11672, can not generate back trace
Unable to capture context for thread 9568 in process 11672, can not generate back trace
Exception at PC 0x00007FFEBFFE3C58
Unable to capture context for thread 9948 in process 11672, can not generate back trace
Exception at PC 0x00007FFEBFFE3C58
Exception at PC 0x00007FFEBFFE3C58
Exception at PC 0x00007FFE5D24BB93
Printing stacktrace...

Exception at PC 0x00007FFEBFFE3C58
Exception at PC 0x00007FFEBFFE3C58
Exception at PC 0x00007FFEBFFE3C58
Exception at PC 0x00007FFEBFFE3C58
Exception at PC 0x00007FFEBFFE3C58
Exception at PC 0x00007FFEBFFE3C58
Exception at PC 0x00007FFEBFFE3C58
Exception at PC 0x00007FFEBFFE3C58
Exception at PC 0x00007FFEBFFE3C58
Exception at PC 0x00007FFEBFFE3C58
Exception at PC 0x00007FFEBFFE3C58
Exception at PC 0x00007FFEBFFE3C58
Exception at PC 0x00007FFEBFFE3C58
Exception at PC 0x00007FFEBFFE3C58
[0]  [0x00007FFE5D24BB93]
[1]  [0x00007FFE5D24BB93]
[2]  [0x00007FFE5D24B4A1]
[3]  [0x00007FFE5D24B3EF]
[4]  [0x00007FFE5D2319FE]
[5]  [0x00007FFE5D230ED1]
[6]  [0x00007FFE5D230D76]
[7]  [0x00007FFE5D1D79F6]
[8]  [0x00007FFE5D1C7AFB]
[9]  [0x00007FFE5D2EE90A]
[10]  [0x00007FFE5D309F87]
[11]  [0x00007FFE5D30A05F]
[12] (BaseThreadInitThunk+0x14) [0x00007FFEC1138364]
[13] (RtlUserThreadStart+0x21) [0x00007FFEC31570D1]
Done
Exception at PC 0x00007FFE5CF51A52
Attemped to write at address 0x00007FFE8D849BA4
Printing stacktrace...

[0]  [0x00007FFE5CF51A52]
[1]  [0x00007FFE5CF51A52]
[2]  [0x00007FFE5CF51AD4]
[3]  [0x00007FFE5D093FF7]
[4]  [0x00007FFE5CF79128]
[5]  [0x00007FFE5D22DFB9]
[6]  [0x00007FFE5D3FEF23]
[7]  [0x00007FFE5D30B06B]
[8]  [0x00007FFE5D3008AF]
[9]  [0x00007FFE5D300A32]
[10] (RtlDeactivateActivationContextUnsafeFast+0x1bf) [0x00007FFEC311A35F]
[11] (LdrShutdownProcess+0x14b) [0x00007FFEC30F806B]
[12] (RtlExitUserProcess+0xb4) [0x00007FFEC30F7D94]
[13] (ExitProcess+0xa) [0x00007FFEC114CE6A]
[14] (exit+0x85) [0x00007FFEC092A4A5]
[15] (initterm_e+0x231) [0x00007FFEC092AB01]
[16]  [0x00000000004014CD]
[17]  [0x000000000040151B]
[18] (BaseThreadInitThunk+0x14) [0x00007FFEC1138364]
[19] (RtlUserThreadStart+0x21) [0x00007FFEC31570D1]
Done
