Exception at PC 0x00007FFE003F3C58
Exception at PC 0x00007FFD9D25BB93
Printing stacktrace...

Unable to capture context for thread 9608 in process 10044, can not generate back trace
Exception at PC 0x00007FFE003F3C58
Exception at PC 0x00007FFE003F3C58
Unable to capture context for thread 8248 in process 10044, can not generate back trace
Exception at PC 0x00007FFE003F3C58
Unable to capture context for thread 12220 in process 10044, can not generate back trace
Exception at PC 0x00007FFE003F3C58
Exception at PC 0x00007FFE003F3C58
Exception at PC 0x00007FFE003F3C58
Exception at PC 0x00007FFE003F3C58
Exception at PC 0x00007FFE003F3C58
Exception at PC 0x00007FFE003F3C58
Exception at PC 0x00007FFE003F3C58
Exception at PC 0x00007FFE003F3C58
Exception at PC 0x00007FFE003F3C58
Exception at PC 0x00007FFE003F3C58
Exception at PC 0x00007FFE003F3C58
Exception at PC 0x00007FFE003F3C58
Exception at PC 0x00007FFE003F3C58
[0]  [0x00007FFD9D25BB93]
[1]  [0x00007FFD9D25BB93]
[2]  [0x00007FFD9D25B4A1]
[3]  [0x00007FFD9D25B3EF]
[4]  [0x00007FFD9D2419FE]
[5]  [0x00007FFD9D240ED1]
[6]  [0x00007FFD9D240D76]
[7]  [0x00007FFD9D1E79F6]
[8]  [0x00007FFD9D1D7AFB]
[9]  [0x00007FFD9D2FE90A]
[10]  [0x00007FFD9D319F87]
[11]  [0x00007FFD9D31A05F]
[12] (BaseThreadInitThunk+0x14) [0x00007FFE01678364]
[13] (RtlUserThreadStart+0x21) [0x00007FFE03F370D1]
Done
Exception at PC 0x00007FFD9CF61A52
Attemped to write at address 0x00007FFDCF449BA4
Printing stacktrace...

[0]  [0x00007FFD9CF61A52]
[1]  [0x00007FFD9CF61A52]
[2]  [0x00007FFD9CF61AD4]
[3]  [0x00007FFD9D0A3FF7]
[4]  [0x00007FFD9CF89128]
[5]  [0x00007FFD9D23DFB9]
[6]  [0x00007FFD9D40EF23]
[7]  [0x00007FFD9D31B06B]
[8]  [0x00007FFD9D3108AF]
[9]  [0x00007FFD9D310A32]
[10] (RtlDeactivateActivationContextUnsafeFast+0x1bf) [0x00007FFE03EFA35F]
[11] (LdrShutdownProcess+0x14b) [0x00007FFE03ED806B]
[12] (RtlExitUserProcess+0xb4) [0x00007FFE03ED7D94]
[13] (ExitProcess+0xa) [0x00007FFE0168CE6A]
[14] (exit+0x85) [0x00007FFE02DEA4A5]
[15] (initterm_e+0x231) [0x00007FFE02DEAB01]
[16]  [0x00000000004014CD]
[17]  [0x000000000040151B]
[18] (BaseThreadInitThunk+0x14) [0x00007FFE01678364]
[19] (RtlUserThreadStart+0x21) [0x00007FFE03F370D1]
Done
