Copyright 1986-2017 Xilinx, Inc. All Rights Reserved.
------------------------------------------------------------------------------------
| Tool Version : Vivado v.2017.1 (win64) Build 1846317 Fri Apr 14 18:55:03 MDT 2017
| Date         : Mon Apr 24 23:04:25 2017
| Host         : LAPTOP running 64-bit major release  (build 9200)
| Command      : report_control_sets -verbose -file master_control_sets_placed.rpt
| Design       : master
| Device       : xc7a35t
------------------------------------------------------------------------------------

Control Set Information

Table of Contents
-----------------
1. Summary
2. Flip-Flop Distribution
3. Detailed Control Set Information

1. Summary
----------

+----------------------------------------------------------+-------+
|                          Status                          | Count |
+----------------------------------------------------------+-------+
| Number of unique control sets                            |    12 |
| Unused register locations in slices containing registers |    56 |
+----------------------------------------------------------+-------+


2. Flip-Flop Distribution
-------------------------

+--------------+-----------------------+------------------------+-----------------+--------------+
| Clock Enable | Synchronous Set/Reset | Asynchronous Set/Reset | Total Registers | Total Slices |
+--------------+-----------------------+------------------------+-----------------+--------------+
| No           | No                    | No                     |               0 |            0 |
| No           | No                    | Yes                    |             360 |           89 |
| No           | Yes                   | No                     |               0 |            0 |
| Yes          | No                    | No                     |              16 |            5 |
| Yes          | No                    | Yes                    |              40 |           19 |
| Yes          | Yes                   | No                     |               0 |            0 |
+--------------+-----------------------+------------------------+-----------------+--------------+


3. Detailed Control Set Information
-----------------------------------

+----------------------------------------+-----------------------------------------------+--------------------------------------------+------------------+----------------+
|              Clock Signal              |                 Enable Signal                 |              Set/Reset Signal              | Slice Load Count | Bel Load Count |
+----------------------------------------+-----------------------------------------------+--------------------------------------------+------------------+----------------+
|  VGA_Clock/clk_wiz_0/inst/CLK1024x768  | VGA_Display/VGA1024x768/patternDATA0          |                                            |                1 |              4 |
|  VGA_Clock/clk_wiz_0/inst/CLK1280x1024 | VGA_Display/VGA1280x1024/patternDATA0         |                                            |                2 |              4 |
|  VGA_Clock/clk_wiz_0/inst/CLK640x480   | VGA_Display/VGA640x480/intvgaB                | VGA_Display/VGA640x480/h_SYNC_i_2_n_0      |                3 |              4 |
|  VGA_Clock/clk_wiz_0/inst/CLK640x480   | VGA_Display/VGA640x480/patternDATA0           |                                            |                1 |              4 |
|  VGA_Clock/clk_wiz_0/inst/CLK800x600   | VGA_Display/VGA800x600/patternDATA0           |                                            |                1 |              4 |
|  VGA_Clock/clk_wiz_0/inst/CLK1024x768  | VGA_Display/VGA1024x768/intvgaR[3]_i_1__2_n_0 | VGA_Display/VGA1024x768/h_SYNC_i_2__1_n_0  |                6 |             12 |
|  VGA_Clock/clk_wiz_0/inst/CLK1280x1024 | VGA_Display/VGA1280x1024/intvgaB              | VGA_Display/VGA1280x1024/h_SYNC_i_2__2_n_0 |                5 |             12 |
|  VGA_Clock/clk_wiz_0/inst/CLK800x600   | VGA_Display/VGA800x600/intvgaB                | VGA_Display/VGA800x600/h_SYNC_i_2__0_n_0   |                5 |             12 |
|  VGA_Clock/clk_wiz_0/inst/CLK640x480   |                                               | VGA_Display/VGA640x480/h_SYNC_i_2_n_0      |               20 |             89 |
|  VGA_Clock/clk_wiz_0/inst/CLK1024x768  |                                               | VGA_Display/VGA1024x768/h_SYNC_i_2__1_n_0  |               21 |             90 |
|  VGA_Clock/clk_wiz_0/inst/CLK800x600   |                                               | VGA_Display/VGA800x600/h_SYNC_i_2__0_n_0   |               22 |             90 |
|  VGA_Clock/clk_wiz_0/inst/CLK1280x1024 |                                               | VGA_Display/VGA1280x1024/h_SYNC_i_2__2_n_0 |               26 |             91 |
+----------------------------------------+-----------------------------------------------+--------------------------------------------+------------------+----------------+


+--------+-----------------------+
| Fanout | Number of ControlSets |
+--------+-----------------------+
| 4      |                     5 |
| 12     |                     3 |
| 16+    |                     4 |
+--------+-----------------------+


